1 2018-04-14 06:25:08 IBANDUNG8 69.80 59.00
2 2018-04-14 06:25:24 IBANDUNG7 74.84 76.20
3 2018-04-14 06:25:54 IBANDUNG7 74.84 76.40
4 2018-04-14 06:26:00 IBANDUNG8 69.80 59.00
5 2018-04-14 06:26:24 IBANDUNG7 74.84 76.40
6 2018-04-14 06:26:31 IBANDUNG7 75.02 75.80
7 2018-04-14 06:26:53 IBANDUNG7 74.84 76.30
8 2018-04-14 06:27:00 IBANDUNG8 69.80 55.00
9 2018-04-14 06:27:00 IBANDUNG7 74.30 73.10
10 2018-04-14 06:27:00 IBANDUNG7 74.30 73.60
11 2018-04-14 06:27:00 IBANDUNG24 72.7 90
12 2018-04-14 06:27:00 IBANDUNG10 72.1 90
13 2018-04-14 06:27:01 IBANDUNG7 75.02 76.00
14 2018-04-14 06:27:15 IBANDUNG4 70.5 92
15 2018-04-14 06:27:16 IBANDUNG10 72.1 91
16 2018-04-14 06:27:17 IBANDUNG24 72.0 89
17 2018-04-14 06:27:23 IBANDUNG7 74.84 76.30
18 2018-04-14 06:27:53 IBANDUNG7 74.84 76.30
19 2018-04-14 06:28:24 IBANDUNG7 74.84 76.30
20 2018-04-14 06:28:40 IBANDUNG7 74.30 73.60
21 2018-04-14 06:28:40 IBANDUNG8 69.80 55.00
22 2018-04-14 06:28:40 IBANDUNG24 72.7 90
23 2018-04-14 06:28:40 IBANDUNG7 74.30 73.10
24 2018-04-14 06:28:40 IBANDUNG10 72.1 90
25 2018-04-14 06:28:40 IBANDUNG8 69.80 59.00
26 2018-04-14 06:28:54 IBANDUNG7 74.84 76.30
27 2018-04-14 06:29:10 IBANDUNG4 70.5 92
28 2018-04-14 06:29:14 IBANDUNG24 72.1 89
29 2018-04-14 06:29:23 IBANDUNG10 72.3 90
30 2018-04-14 06:29:23 IBANDUNG7 74.84 76.40
31 2018-04-14 06:29:53 IBANDUNG7 74.84 76.20
32 2018-04-14 06:30:08 IBANDUNG8 69.80 59.00
33 2018-04-14 06:30:23 IBANDUNG7 74.66 75.90
34 2018-04-14 06:30:35 IBANDUNG8 69.80 59.00
35 2018-04-14 06:30:40 IBANDUNG8 71.60 58.00
36 2018-04-14 06:30:54 IBANDUNG7 74.30 76.00
37 2018-04-14 06:31:00 IBANDUNG8 71.60 58.00
38 2018-04-14 06:31:08 IBANDUNG4 70.5 92
39 2018-04-14 06:31:10 IBANDUNG24 72.1 89
40 2018-04-14 06:31:24 IBANDUNG7 74.84 76.40
41 2018-04-14 06:31:31 IBANDUNG10 72.3 90
42 2018-04-14 06:31:54 IBANDUNG7 74.66 76.40
43 2018-04-14 06:32:00 IBANDUNG8 71.60 58.00
44 2018-04-14 06:32:24 IBANDUNG7 74.66 76.20
45 2018-04-14 06:32:54 IBANDUNG7 74.66 75.90
46 2018-04-14 06:33:06 IBANDUNG4 70.5 91
47 2018-04-14 06:33:10 IBANDUNG24 72.1 89
48 2018-04-14 06:33:11 IBANDUNG26 72.0 89
49 2018-04-14 06:33:24 IBANDUNG7 74.66 76.40
50 2018-04-14 06:33:28 IBANDUNG8 71.60 58.00
51 2018-04-14 06:33:39 IBANDUNG10 72.3 89
52 2018-04-14 06:33:40 IBANDUNG7 74.30 73.00
53 2018-04-14 06:33:40 IBANDUNG4 70.7 91
54 2018-04-14 06:33:40 IBANDUNG7 74.30 72.80
55 2018-04-14 06:33:40 IBANDUNG8 69.80 59.00
56 2018-04-14 06:33:40 IBANDUNG7 74.30 72.90
57 2018-04-14 06:33:40 IBANDUNG8 71.60 58.00
58 2018-04-14 06:33:54 IBANDUNG7 74.30 75.70
59 2018-04-14 06:34:25 IBANDUNG7 74.12 75.50
60 2018-04-14 06:34:40 IBANDUNG8 71.60 56.00
61 2018-04-14 06:34:54 IBANDUNG7 74.48 75.70
62 2018-04-14 06:35:06 IBANDUNG24 72.3 88
63 2018-04-14 06:35:10 IBANDUNG4 70.5 91
64 2018-04-14 06:35:20 IBANDUNG7 74.30 72.80
65 2018-04-14 06:35:20 IBANDUNG7 74.30 72.90
66 2018-04-14 06:35:20 IBANDUNG7 74.30 73.00
67 2018-04-14 06:35:20 IBANDUNG8 69.80 59.00
68 2018-04-14 06:35:20 IBANDUNG4 70.7 91
69 2018-04-14 06:35:24 IBANDUNG7 74.30 75.70
70 2018-04-14 06:35:35 IBANDUNG8 71.60 56.00
71 2018-04-14 06:35:40 IBANDUNG8 71.60 56.00
72 2018-04-14 06:35:47 IBANDUNG10 72.5 89
73 2018-04-14 06:35:54 IBANDUNG7 74.30 75.80
74 2018-04-14 06:36:24 IBANDUNG7 74.30 76.00
75 2018-04-14 06:36:54 IBANDUNG7 74.30 76.00
76 2018-04-14 06:36:55 IBANDUNG8 71.60 55.00
77 2018-04-14 06:37:00 IBANDUNG8 71.60 54.00
78 2018-04-14 06:37:10 IBANDUNG24 72.3 88
79 2018-04-14 06:37:13 IBANDUNG4 70.5 91
80 2018-04-14 06:37:24 IBANDUNG7 74.12 75.90
81 2018-04-14 06:37:54 IBANDUNG7 74.12 75.80
82 2018-04-14 06:37:55 IBANDUNG10 72.5 89
83 2018-04-14 06:38:24 IBANDUNG7 74.12 75.80
84 2018-04-14 06:38:54 IBANDUNG7 74.12 76.00
85 2018-04-14 06:39:00 IBANDUNG8 71.60 56.00
86 2018-04-14 06:39:06 IBANDUNG24 72.5 88
87 2018-04-14 06:39:12 IBANDUNG4 70.5 91
88 2018-04-14 06:39:24 IBANDUNG7 74.12 76.10
89 2018-04-14 06:39:54 IBANDUNG7 74.12 76.10
90 2018-04-14 06:40:00 IBANDUNG8 73.40 53.00
91 2018-04-14 06:40:03 IBANDUNG10 72.5 89
92 2018-04-14 06:40:20 IBANDUNG8 69.80 55.00
93 2018-04-14 06:40:20 IBANDUNG7 74.30 72.70
94 2018-04-14 06:40:20 IBANDUNG7 74.30 72.50
95 2018-04-14 06:40:20 IBANDUNG7 74.30 72.70
96 2018-04-14 06:40:20 IBANDUNG8 69.80 57.00
97 2018-04-14 06:40:24 IBANDUNG7 74.12 76.10
98 2018-04-14 06:40:54 IBANDUNG7 74.12 76.80
99 2018-04-14 06:41:10 IBANDUNG24 72.5 87
100 2018-04-14 06:41:11 IBANDUNG4 70.5 91